0 info it worked if it ends with ok
1 verbose cli [ '/usr/local/bin/node', '/usr/local/bin/npm', 'run', 'test' ]
2 info using npm@3.10.3
3 info using node@v6.1.0
4 verbose run-script [ 'pretest', 'test', 'posttest' ]
5 info lifecycle voting-client@1.0.0~pretest: voting-client@1.0.0
6 silly lifecycle voting-client@1.0.0~pretest: no script for pretest, continuing
7 info lifecycle voting-client@1.0.0~test: voting-client@1.0.0
8 verbose lifecycle voting-client@1.0.0~test: unsafe-perm in lifecycle true
9 verbose lifecycle voting-client@1.0.0~test: PATH: /usr/local/lib/node_modules/npm/bin/node-gyp-bin:/Users/airiel/Projects/web/reactJS/full_stack_react_redux_tutorial/voting-client/node_modules/.bin:/usr/local/bin:/Library/Frameworks/Python.framework/Versions/3.4/bin:/usr/local/bin:/usr/bin:/bin:/usr/sbin:/sbin:/Users/airiel/bin:/Applications/Racket v6.2.1/bin
10 verbose lifecycle voting-client@1.0.0~test: CWD: /Users/airiel/Projects/web/reactJS/full_stack_react_redux_tutorial/voting-client
11 silly lifecycle voting-client@1.0.0~test: Args: [ '-c',
11 silly lifecycle   'mocha --compilers js:babel-core/register --require ./test/test_helper.js \'test/**/*.@(js|jsx)\'' ]
12 silly lifecycle voting-client@1.0.0~test: Returned: code: 2  signal: null
13 info lifecycle voting-client@1.0.0~test: Failed to exec test script
14 verbose stack Error: voting-client@1.0.0 test: `mocha --compilers js:babel-core/register --require ./test/test_helper.js 'test/**/*.@(js|jsx)'`
14 verbose stack Exit status 2
14 verbose stack     at EventEmitter.<anonymous> (/usr/local/lib/node_modules/npm/lib/utils/lifecycle.js:242:16)
14 verbose stack     at emitTwo (events.js:106:13)
14 verbose stack     at EventEmitter.emit (events.js:191:7)
14 verbose stack     at ChildProcess.<anonymous> (/usr/local/lib/node_modules/npm/lib/utils/spawn.js:40:14)
14 verbose stack     at emitTwo (events.js:106:13)
14 verbose stack     at ChildProcess.emit (events.js:191:7)
14 verbose stack     at maybeClose (internal/child_process.js:850:16)
14 verbose stack     at Process.ChildProcess._handle.onexit (internal/child_process.js:215:5)
15 verbose pkgid voting-client@1.0.0
16 verbose cwd /Users/airiel/Projects/web/reactJS/full_stack_react_redux_tutorial/voting-client
17 error Darwin 15.5.0
18 error argv "/usr/local/bin/node" "/usr/local/bin/npm" "run" "test"
19 error node v6.1.0
20 error npm  v3.10.3
21 error code ELIFECYCLE
22 error voting-client@1.0.0 test: `mocha --compilers js:babel-core/register --require ./test/test_helper.js 'test/**/*.@(js|jsx)'`
22 error Exit status 2
23 error Failed at the voting-client@1.0.0 test script 'mocha --compilers js:babel-core/register --require ./test/test_helper.js 'test/**/*.@(js|jsx)''.
23 error Make sure you have the latest version of node.js and npm installed.
23 error If you do, this is most likely a problem with the voting-client package,
23 error not with npm itself.
23 error Tell the author that this fails on your system:
23 error     mocha --compilers js:babel-core/register --require ./test/test_helper.js 'test/**/*.@(js|jsx)'
23 error You can get information on how to open an issue for this project with:
23 error     npm bugs voting-client
23 error Or if that isn't available, you can get their info via:
23 error     npm owner ls voting-client
23 error There is likely additional logging output above.
24 verbose exit [ 1, true ]
